<?xml version="1.0" encoding="UTF-8"?>
<!-- Generated by org.testng.reporters.JUnitXMLReporter -->
<testsuite hostname="DESKTOP-D0K3GCU" ignored="0" name="Default test" tests="3" failures="0" timestamp="28 Jan 2019 22:09:43 GMT" time="19.9" errors="0">
  <testcase name="loginPageTitleTest" time="0.041" classname="com.crm.testcases.LoginpageTest"/>
  <testcase name="crmlogoTest" time="0.082" classname="com.crm.testcases.LoginpageTest"/>
  <testcase name="logintest" time="4.734" classname="com.crm.testcases.LoginpageTest"/>
</testsuite> <!-- Default test -->
