<?xml version="1.0" encoding="UTF-8"?>
<!-- Generated by org.testng.reporters.JUnitXMLReporter -->
<testsuite hostname="DESKTOP-D0K3GCU" ignored="0" name="Command line test" tests="4" failures="1" timestamp="30 Jan 2019 19:31:46 GMT" time="29.082" errors="0">
  <testcase name="loginPageTitleTest" time="0.008" classname="com.crm.testcases.HomepageTest">
    <failure type="java.lang.AssertionError" message="expected [#1 Free CRM software in the cloud for sales and service] but found [CRMPRO]">
      <![CDATA[java.lang.AssertionError: expected [#1 Free CRM software in the cloud for sales and service] but found [CRMPRO]
at com.crm.testcases.HomepageTest.loginPageTitleTest(HomepageTest.java:36)
... Removed 41 stack frames]]>
    </failure>
  </testcase> <!-- loginPageTitleTest -->
  <testcase name="loginPageTitleTest" time="0.005" classname="com.crm.testcases.LoginpageTest"/>
  <testcase name="crmlogoTest" time="0.114" classname="com.crm.testcases.LoginpageTest"/>
  <testcase name="logintest" time="3.369" classname="com.crm.testcases.LoginpageTest"/>
</testsuite> <!-- Command line test -->
