<?xml version="1.0" encoding="UTF-8" ?>
<testsuite tests="4" failures="1" name="TestSuite" time="3.501" errors="0" skipped="0">
  <properties>
[...]
</properties>
  <testcase classname="com.crm.testcases.HomepageTest" name="loginPageTitleTest" time="0.012">
    <failure message="expected [#1 Free CRM software in the cloud for sales and service] but found [CRMPRO]" type="java.lang.AssertionError">java.lang.AssertionError: expected [#1 Free CRM software in the cloud for sales and service] but found [CRMPRO]
	at org.testng.Assert.fail(Assert.java:96)
	at org.testng.Assert.failNotEquals(Assert.java:776)
	at org.testng.Assert.assertEqualsImpl(Assert.java:137)
	at org.testng.Assert.assertEquals(Assert.java:118)
	at org.testng.Assert.assertEquals(Assert.java:453)
	at org.testng.Assert.assertEquals(Assert.java:463)
	at com.crm.testcases.HomepageTest.loginPageTitleTest(HomepageTest.java:36)
</failure>
    <system-out>Configuring TestNG with: org.apache.maven.surefire.testng.conf.TestNG652Configurator@1c6b6478
Before navigating to: &apos;https://freecrm.com/index.html&apos;
Navigated to:&apos;https://freecrm.com/index.html&apos;
Trying to find Element By : By.name: username
Found Element By : By.name: username
Trying to find Element By : By.name: password
Found Element By : By.name: password
Trying to find Element By : By.id: preloader
Found Element By : By.id: preloader
Trying to find Element By : By.id: preloader
Found Element By : By.id: preloader
Trying to find Element By : By.id: preloader
Found Element By : By.id: preloader
Trying to find Element By : By.xpath: //input[@type=&apos;submit&apos;]
Found Element By : By.xpath: //input[@type=&apos;submit&apos;]
Trying to click on: [[ChromeDriver: chrome on XP (7e5dc7b5a5adaeb508bc245783f25f2b)] -&gt; xpath: //input[@type=&apos;submit&apos;]]
Clicked on: [[ChromeDriver: chrome on XP (7e5dc7b5a5adaeb508bc245783f25f2b)] -&gt; xpath: //input[@type=&apos;submit&apos;]]
</system-out>
    <system-err>SLF4J: Failed to load class &quot;org.slf4j.impl.StaticLoggerBinder&quot;.
SLF4J: Defaulting to no-operation (NOP) logger implementation
SLF4J: See http://www.slf4j.org/codes.html#StaticLoggerBinder for further details.
Jan 30, 2019 2:31:17 PM java.util.prefs.WindowsPreferences &lt;init&gt;
WARNING: Could not open/create prefs root node Software\JavaSoft\Prefs at root 0x80000002. Windows RegCreateKeyEx(...) returned error code 5.
Starting ChromeDriver 72.0.3626.69 (3c16f8a135abc0d4da2dff33804db79b849a7c38) on port 47362
Only local connections are allowed.
Please protect ports used by ChromeDriver and related test frameworks to prevent access by malicious code.
Jan 30, 2019 2:31:20 PM org.openqa.selenium.remote.ProtocolHandshake createSession
INFO: Detected dialect: OSS
</system-err>
  </testcase>
  <testcase classname="com.crm.testcases.LoginpageTest" name="loginPageTitleTest" time="0.005"/>
  <testcase classname="com.crm.testcases.LoginpageTest" name="crmlogoTest" time="0.114"/>
  <testcase classname="com.crm.testcases.LoginpageTest" name="logintest" time="3.37"/>
</testsuite>