<?xml version="1.0" encoding="UTF-8"?>
<testng-results skipped="0" failed="0" ignored="0" total="3" passed="3">
  <reporter-output>
  </reporter-output>
  <suite name="FREE CRM Application Test Automation " duration-ms="21079" started-at="2019-01-30T20:09:38Z" finished-at="2019-01-30T20:09:59Z">
    <groups>
    </groups>
    <test name="Free CRM APP Test " duration-ms="21079" started-at="2019-01-30T20:09:38Z" finished-at="2019-01-30T20:09:59Z">
      <class name="com.crm.testcases.LoginpageTest">
        <test-method status="PASS" signature="setUp()[pri:0, instance:com.crm.testcases.LoginpageTest@3c0ecd4b]" name="setUp" is-config="true" duration-ms="5681" started-at="2019-01-30T20:09:38Z" finished-at="2019-01-30T20:09:44Z">
          <reporter-output>
          </reporter-output>
        </test-method> <!-- setUp -->
        <test-method status="PASS" signature="loginPageTitleTest()[pri:1, instance:com.crm.testcases.LoginpageTest@3c0ecd4b]" name="loginPageTitleTest" duration-ms="56" started-at="2019-01-30T20:09:44Z" finished-at="2019-01-30T20:09:44Z">
          <reporter-output>
          </reporter-output>
        </test-method> <!-- loginPageTitleTest -->
        <test-method status="PASS" signature="tearDown()[pri:0, instance:com.crm.testcases.LoginpageTest@3c0ecd4b]" name="tearDown" is-config="true" duration-ms="600" started-at="2019-01-30T20:09:44Z" finished-at="2019-01-30T20:09:44Z">
          <reporter-output>
          </reporter-output>
        </test-method> <!-- tearDown -->
        <test-method status="PASS" signature="setUp()[pri:0, instance:com.crm.testcases.LoginpageTest@3c0ecd4b]" name="setUp" is-config="true" duration-ms="4891" started-at="2019-01-30T20:09:44Z" finished-at="2019-01-30T20:09:49Z">
          <reporter-output>
          </reporter-output>
        </test-method> <!-- setUp -->
        <test-method status="PASS" signature="crmlogoTest()[pri:2, instance:com.crm.testcases.LoginpageTest@3c0ecd4b]" name="crmlogoTest" duration-ms="107" started-at="2019-01-30T20:09:49Z" finished-at="2019-01-30T20:09:49Z">
          <reporter-output>
          </reporter-output>
        </test-method> <!-- crmlogoTest -->
        <test-method status="PASS" signature="tearDown()[pri:0, instance:com.crm.testcases.LoginpageTest@3c0ecd4b]" name="tearDown" is-config="true" duration-ms="602" started-at="2019-01-30T20:09:49Z" finished-at="2019-01-30T20:09:50Z">
          <reporter-output>
          </reporter-output>
        </test-method> <!-- tearDown -->
        <test-method status="PASS" signature="setUp()[pri:0, instance:com.crm.testcases.LoginpageTest@3c0ecd4b]" name="setUp" is-config="true" duration-ms="4632" started-at="2019-01-30T20:09:50Z" finished-at="2019-01-30T20:09:55Z">
          <reporter-output>
          </reporter-output>
        </test-method> <!-- setUp -->
        <test-method status="PASS" signature="logintest()[pri:3, instance:com.crm.testcases.LoginpageTest@3c0ecd4b]" name="logintest" duration-ms="3866" started-at="2019-01-30T20:09:55Z" finished-at="2019-01-30T20:09:58Z">
          <reporter-output>
          </reporter-output>
        </test-method> <!-- logintest -->
        <test-method status="PASS" signature="tearDown()[pri:0, instance:com.crm.testcases.LoginpageTest@3c0ecd4b]" name="tearDown" is-config="true" duration-ms="618" started-at="2019-01-30T20:09:59Z" finished-at="2019-01-30T20:09:59Z">
          <reporter-output>
          </reporter-output>
        </test-method> <!-- tearDown -->
      </class> <!-- com.crm.testcases.LoginpageTest -->
    </test> <!-- Free CRM APP Test  -->
  </suite> <!-- FREE CRM Application Test Automation  -->
</testng-results>
